{"/Users/al03161226/Documents/Personal/Coding/ddd-task-app/src/application/services/DomainEventPublisher.ts": {"path":"/Users/al03161226/Documents/Personal/Coding/ddd-task-app/src/application/services/DomainEventPublisher.ts","statementMap":{"0":{"start":{"line":6,"column":50},"end":{"line":6,"column":null}},"1":{"start":{"line":9,"column":21},"end":{"line":9,"column":null}},"2":{"start":{"line":10,"column":4},"end":{"line":10,"column":null}},"3":{"start":{"line":11,"column":4},"end":{"line":11,"column":null}},"4":{"start":{"line":15,"column":21},"end":{"line":15,"column":null}},"5":{"start":{"line":17,"column":4},"end":{"line":23,"column":null}},"6":{"start":{"line":18,"column":6},"end":{"line":22,"column":null}},"7":{"start":{"line":19,"column":8},"end":{"line":19,"column":null}},"8":{"start":{"line":21,"column":8},"end":{"line":21,"column":null}}},"fnMap":{"0":{"name":"(anonymous_0)","decl":{"start":{"line":8,"column":2},"end":{"line":8,"column":12}},"loc":{"start":{"line":8,"column":60},"end":{"line":12,"column":null}},"line":8},"1":{"name":"(anonymous_1)","decl":{"start":{"line":14,"column":8},"end":{"line":14,"column":16}},"loc":{"start":{"line":14,"column":51},"end":{"line":24,"column":null}},"line":14}},"branchMap":{"0":{"loc":{"start":{"line":9,"column":21},"end":{"line":9,"column":null}},"type":"binary-expr","locations":[{"start":{"line":9,"column":21},"end":{"line":9,"column":53}},{"start":{"line":9,"column":53},"end":{"line":9,"column":null}}],"line":9},"1":{"loc":{"start":{"line":15,"column":21},"end":{"line":15,"column":null}},"type":"binary-expr","locations":[{"start":{"line":15,"column":21},"end":{"line":15,"column":59}},{"start":{"line":15,"column":59},"end":{"line":15,"column":null}}],"line":15}},"s":{"0":23,"1":29,"2":29,"3":29,"4":14,"5":14,"6":21,"7":21,"8":2},"f":{"0":29,"1":14},"b":{"0":[29,17],"1":[14,1]},"meta":{"lastBranch":2,"lastFunction":2,"lastStatement":9,"seen":{"s:6:50:6:Infinity":0,"f:8:2:8:12":0,"s:9:21:9:Infinity":1,"b:9:21:9:53:9:53:9:Infinity":0,"s:10:4:10:Infinity":2,"s:11:4:11:Infinity":3,"f:14:8:14:16":1,"s:15:21:15:Infinity":4,"b:15:21:15:59:15:59:15:Infinity":1,"s:17:4:23:Infinity":5,"s:18:6:22:Infinity":6,"s:19:8:19:Infinity":7,"s:21:8:21:Infinity":8}}}
,"/Users/al03161226/Documents/Personal/Coding/ddd-task-app/src/application/useCases/CreateTaskUseCase.ts": {"path":"/Users/al03161226/Documents/Personal/Coding/ddd-task-app/src/application/useCases/CreateTaskUseCase.ts","statementMap":{"0":{"start":{"line":9,"column":12},"end":{"line":9,"column":null}},"1":{"start":{"line":10,"column":12},"end":{"line":10,"column":null}},"2":{"start":{"line":18,"column":22},"end":{"line":18,"column":null}},"3":{"start":{"line":19,"column":17},"end":{"line":19,"column":null}},"4":{"start":{"line":21,"column":4},"end":{"line":21,"column":null}},"5":{"start":{"line":23,"column":19},"end":{"line":23,"column":null}},"6":{"start":{"line":24,"column":4},"end":{"line":26,"column":null}},"7":{"start":{"line":25,"column":6},"end":{"line":25,"column":null}},"8":{"start":{"line":28,"column":4},"end":{"line":28,"column":null}}},"fnMap":{"0":{"name":"(anonymous_0)","decl":{"start":{"line":8,"column":2},"end":{"line":8,"column":null}},"loc":{"start":{"line":11,"column":4},"end":{"line":11,"column":null}},"line":11},"1":{"name":"(anonymous_1)","decl":{"start":{"line":13,"column":8},"end":{"line":13,"column":null}},"loc":{"start":{"line":17,"column":19},"end":{"line":29,"column":null}},"line":17}},"branchMap":{"0":{"loc":{"start":{"line":15,"column":4},"end":{"line":15,"column":null}},"type":"default-arg","locations":[{"start":{"line":15,"column":29},"end":{"line":15,"column":null}}],"line":15}},"s":{"0":8,"1":8,"2":10,"3":10,"4":10,"5":8,"6":8,"7":0,"8":8},"f":{"0":8,"1":10},"b":{"0":[10]},"meta":{"lastBranch":1,"lastFunction":2,"lastStatement":9,"seen":{"f:8:2:8:Infinity":0,"s:9:12:9:Infinity":0,"s:10:12:10:Infinity":1,"f:13:8:13:Infinity":1,"b:15:29:15:Infinity":0,"s:18:22:18:Infinity":2,"s:19:17:19:Infinity":3,"s:21:4:21:Infinity":4,"s:23:19:23:Infinity":5,"s:24:4:26:Infinity":6,"s:25:6:25:Infinity":7,"s:28:4:28:Infinity":8}}}
,"/Users/al03161226/Documents/Personal/Coding/ddd-task-app/src/domain/entities/Task.ts": {"path":"/Users/al03161226/Documents/Personal/Coding/ddd-task-app/src/domain/entities/Task.ts","statementMap":{"0":{"start":{"line":26,"column":40},"end":{"line":26,"column":null}},"1":{"start":{"line":28,"column":30},"end":{"line":28,"column":48}},"2":{"start":{"line":35,"column":4},"end":{"line":43,"column":null}},"3":{"start":{"line":47,"column":4},"end":{"line":47,"column":null}},"4":{"start":{"line":51,"column":4},"end":{"line":51,"column":null}},"5":{"start":{"line":55,"column":4},"end":{"line":55,"column":null}},"6":{"start":{"line":59,"column":4},"end":{"line":59,"column":null}},"7":{"start":{"line":63,"column":4},"end":{"line":63,"column":null}},"8":{"start":{"line":67,"column":4},"end":{"line":67,"column":null}},"9":{"start":{"line":71,"column":4},"end":{"line":71,"column":null}},"10":{"start":{"line":75,"column":4},"end":{"line":75,"column":null}},"11":{"start":{"line":79,"column":4},"end":{"line":79,"column":null}},"12":{"start":{"line":83,"column":4},"end":{"line":83,"column":null}},"13":{"start":{"line":87,"column":19},"end":{"line":87,"column":null}},"14":{"start":{"line":88,"column":4},"end":{"line":88,"column":null}},"15":{"start":{"line":89,"column":4},"end":{"line":89,"column":null}},"16":{"start":{"line":93,"column":4},"end":{"line":93,"column":null}},"17":{"start":{"line":97,"column":4},"end":{"line":99,"column":null}},"18":{"start":{"line":98,"column":6},"end":{"line":98,"column":null}},"19":{"start":{"line":101,"column":4},"end":{"line":103,"column":null}},"20":{"start":{"line":102,"column":6},"end":{"line":102,"column":null}},"21":{"start":{"line":105,"column":4},"end":{"line":105,"column":null}},"22":{"start":{"line":109,"column":4},"end":{"line":111,"column":null}},"23":{"start":{"line":110,"column":6},"end":{"line":110,"column":null}},"24":{"start":{"line":113,"column":4},"end":{"line":113,"column":null}},"25":{"start":{"line":114,"column":4},"end":{"line":114,"column":null}},"26":{"start":{"line":118,"column":4},"end":{"line":120,"column":null}},"27":{"start":{"line":119,"column":6},"end":{"line":119,"column":null}},"28":{"start":{"line":121,"column":4},"end":{"line":121,"column":null}},"29":{"start":{"line":125,"column":4},"end":{"line":127,"column":null}},"30":{"start":{"line":126,"column":6},"end":{"line":126,"column":null}},"31":{"start":{"line":129,"column":24},"end":{"line":129,"column":null}},"32":{"start":{"line":130,"column":4},"end":{"line":130,"column":null}},"33":{"start":{"line":132,"column":4},"end":{"line":134,"column":null}},"34":{"start":{"line":133,"column":6},"end":{"line":133,"column":null}},"35":{"start":{"line":138,"column":22},"end":{"line":138,"column":null}},"36":{"start":{"line":140,"column":4},"end":{"line":146,"column":null}},"37":{"start":{"line":141,"column":26},"end":{"line":141,"column":null}},"38":{"start":{"line":142,"column":6},"end":{"line":142,"column":null}},"39":{"start":{"line":143,"column":6},"end":{"line":145,"column":null}},"40":{"start":{"line":150,"column":19},"end":{"line":152,"column":null}},"41":{"start":{"line":151,"column":11},"end":{"line":151,"column":null}},"42":{"start":{"line":154,"column":4},"end":{"line":156,"column":null}},"43":{"start":{"line":155,"column":6},"end":{"line":155,"column":null}},"44":{"start":{"line":158,"column":4},"end":{"line":160,"column":null}},"45":{"start":{"line":159,"column":6},"end":{"line":159,"column":null}},"46":{"start":{"line":162,"column":4},"end":{"line":162,"column":null}},"47":{"start":{"line":166,"column":4},"end":{"line":168,"column":null}},"48":{"start":{"line":167,"column":11},"end":{"line":167,"column":null}},"49":{"start":{"line":172,"column":4},"end":{"line":172,"column":null}},"50":{"start":{"line":172,"column":45},"end":{"line":172,"column":59}},"51":{"start":{"line":176,"column":4},"end":{"line":176,"column":null}},"52":{"start":{"line":176,"column":47},"end":{"line":176,"column":61}},"53":{"start":{"line":180,"column":4},"end":{"line":182,"column":null}},"54":{"start":{"line":181,"column":6},"end":{"line":181,"column":null}},"55":{"start":{"line":184,"column":4},"end":{"line":186,"column":null}},"56":{"start":{"line":185,"column":6},"end":{"line":185,"column":null}},"57":{"start":{"line":188,"column":4},"end":{"line":190,"column":null}},"58":{"start":{"line":189,"column":6},"end":{"line":189,"column":null}},"59":{"start":{"line":192,"column":4},"end":{"line":194,"column":null}},"60":{"start":{"line":193,"column":6},"end":{"line":193,"column":null}},"61":{"start":{"line":196,"column":4},"end":{"line":196,"column":null}},"62":{"start":{"line":200,"column":4},"end":{"line":202,"column":null}},"63":{"start":{"line":201,"column":6},"end":{"line":201,"column":null}},"64":{"start":{"line":204,"column":4},"end":{"line":206,"column":null}},"65":{"start":{"line":205,"column":6},"end":{"line":205,"column":null}},"66":{"start":{"line":208,"column":4},"end":{"line":208,"column":null}},"67":{"start":{"line":209,"column":4},"end":{"line":209,"column":null}},"68":{"start":{"line":211,"column":4},"end":{"line":215,"column":null}},"69":{"start":{"line":219,"column":4},"end":{"line":221,"column":null}},"70":{"start":{"line":220,"column":6},"end":{"line":220,"column":null}},"71":{"start":{"line":223,"column":4},"end":{"line":223,"column":null}},"72":{"start":{"line":224,"column":4},"end":{"line":224,"column":null}},"73":{"start":{"line":228,"column":4},"end":{"line":230,"column":null}},"74":{"start":{"line":229,"column":6},"end":{"line":229,"column":null}},"75":{"start":{"line":231,"column":4},"end":{"line":231,"column":null}},"76":{"start":{"line":235,"column":16},"end":{"line":235,"column":null}},"77":{"start":{"line":236,"column":21},"end":{"line":236,"column":null}},"78":{"start":{"line":237,"column":4},"end":{"line":237,"column":null}},"79":{"start":{"line":241,"column":4},"end":{"line":241,"column":null}},"80":{"start":{"line":245,"column":4},"end":{"line":257,"column":null}},"81":{"start":{"line":251,"column":53},"end":{"line":251,"column":63}}},"fnMap":{"0":{"name":"(anonymous_0)","decl":{"start":{"line":28,"column":10},"end":{"line":28,"column":30}},"loc":{"start":{"line":28,"column":48},"end":{"line":28,"column":null}},"line":28},"1":{"name":"(anonymous_1)","decl":{"start":{"line":30,"column":9},"end":{"line":30,"column":null}},"loc":{"start":{"line":34,"column":10},"end":{"line":44,"column":null}},"line":34},"2":{"name":"(anonymous_2)","decl":{"start":{"line":46,"column":9},"end":{"line":46,"column":22}},"loc":{"start":{"line":46,"column":46},"end":{"line":48,"column":null}},"line":46},"3":{"name":"(anonymous_3)","decl":{"start":{"line":50,"column":6},"end":{"line":50,"column":19}},"loc":{"start":{"line":50,"column":19},"end":{"line":52,"column":null}},"line":50},"4":{"name":"(anonymous_4)","decl":{"start":{"line":54,"column":6},"end":{"line":54,"column":25}},"loc":{"start":{"line":54,"column":25},"end":{"line":56,"column":null}},"line":54},"5":{"name":"(anonymous_5)","decl":{"start":{"line":58,"column":6},"end":{"line":58,"column":27}},"loc":{"start":{"line":58,"column":27},"end":{"line":60,"column":null}},"line":58},"6":{"name":"(anonymous_6)","decl":{"start":{"line":62,"column":6},"end":{"line":62,"column":31}},"loc":{"start":{"line":62,"column":31},"end":{"line":64,"column":null}},"line":62},"7":{"name":"(anonymous_7)","decl":{"start":{"line":66,"column":6},"end":{"line":66,"column":47}},"loc":{"start":{"line":66,"column":47},"end":{"line":68,"column":null}},"line":66},"8":{"name":"(anonymous_8)","decl":{"start":{"line":70,"column":6},"end":{"line":70,"column":52}},"loc":{"start":{"line":70,"column":52},"end":{"line":72,"column":null}},"line":70},"9":{"name":"(anonymous_9)","decl":{"start":{"line":74,"column":6},"end":{"line":74,"column":24}},"loc":{"start":{"line":74,"column":24},"end":{"line":76,"column":null}},"line":74},"10":{"name":"(anonymous_10)","decl":{"start":{"line":78,"column":6},"end":{"line":78,"column":38}},"loc":{"start":{"line":78,"column":38},"end":{"line":80,"column":null}},"line":78},"11":{"name":"(anonymous_11)","decl":{"start":{"line":82,"column":6},"end":{"line":82,"column":34}},"loc":{"start":{"line":82,"column":34},"end":{"line":84,"column":null}},"line":82},"12":{"name":"(anonymous_12)","decl":{"start":{"line":86,"column":2},"end":{"line":86,"column":36}},"loc":{"start":{"line":86,"column":36},"end":{"line":90,"column":null}},"line":86},"13":{"name":"(anonymous_13)","decl":{"start":{"line":92,"column":10},"end":{"line":92,"column":25}},"loc":{"start":{"line":92,"column":51},"end":{"line":94,"column":null}},"line":92},"14":{"name":"(anonymous_14)","decl":{"start":{"line":96,"column":2},"end":{"line":96,"column":14}},"loc":{"start":{"line":96,"column":57},"end":{"line":106,"column":null}},"line":96},"15":{"name":"(anonymous_15)","decl":{"start":{"line":108,"column":2},"end":{"line":108,"column":11}},"loc":{"start":{"line":108,"column":53},"end":{"line":115,"column":null}},"line":108},"16":{"name":"(anonymous_16)","decl":{"start":{"line":117,"column":2},"end":{"line":117,"column":19}},"loc":{"start":{"line":117,"column":19},"end":{"line":122,"column":null}},"line":117},"17":{"name":"(anonymous_17)","decl":{"start":{"line":124,"column":2},"end":{"line":124,"column":17}},"loc":{"start":{"line":124,"column":66},"end":{"line":135,"column":null}},"line":124},"18":{"name":"(anonymous_18)","decl":{"start":{"line":137,"column":2},"end":{"line":137,"column":35}},"loc":{"start":{"line":137,"column":35},"end":{"line":147,"column":null}},"line":137},"19":{"name":"(anonymous_19)","decl":{"start":{"line":149,"column":2},"end":{"line":149,"column":16}},"loc":{"start":{"line":149,"column":50},"end":{"line":163,"column":null}},"line":149},"20":{"name":"(anonymous_20)","decl":{"start":{"line":151,"column":6},"end":{"line":151,"column":11}},"loc":{"start":{"line":151,"column":11},"end":{"line":151,"column":null}},"line":151},"21":{"name":"(anonymous_21)","decl":{"start":{"line":165,"column":2},"end":{"line":165,"column":19}},"loc":{"start":{"line":165,"column":50},"end":{"line":169,"column":null}},"line":165},"22":{"name":"(anonymous_22)","decl":{"start":{"line":167,"column":6},"end":{"line":167,"column":11}},"loc":{"start":{"line":167,"column":11},"end":{"line":167,"column":null}},"line":167},"23":{"name":"(anonymous_23)","decl":{"start":{"line":171,"column":2},"end":{"line":171,"column":37}},"loc":{"start":{"line":171,"column":37},"end":{"line":173,"column":null}},"line":171},"24":{"name":"(anonymous_24)","decl":{"start":{"line":172,"column":40},"end":{"line":172,"column":45}},"loc":{"start":{"line":172,"column":45},"end":{"line":172,"column":59}},"line":172},"25":{"name":"(anonymous_25)","decl":{"start":{"line":175,"column":2},"end":{"line":175,"column":46}},"loc":{"start":{"line":175,"column":46},"end":{"line":177,"column":null}},"line":175},"26":{"name":"(anonymous_26)","decl":{"start":{"line":176,"column":42},"end":{"line":176,"column":47}},"loc":{"start":{"line":176,"column":47},"end":{"line":176,"column":61}},"line":176},"27":{"name":"(anonymous_27)","decl":{"start":{"line":179,"column":2},"end":{"line":179,"column":16}},"loc":{"start":{"line":179,"column":38},"end":{"line":197,"column":null}},"line":179},"28":{"name":"(anonymous_28)","decl":{"start":{"line":199,"column":2},"end":{"line":199,"column":11}},"loc":{"start":{"line":199,"column":33},"end":{"line":216,"column":null}},"line":199},"29":{"name":"(anonymous_29)","decl":{"start":{"line":218,"column":2},"end":{"line":218,"column":9}},"loc":{"start":{"line":218,"column":31},"end":{"line":225,"column":null}},"line":218},"30":{"name":"(anonymous_30)","decl":{"start":{"line":227,"column":2},"end":{"line":227,"column":23}},"loc":{"start":{"line":227,"column":23},"end":{"line":232,"column":null}},"line":227},"31":{"name":"(anonymous_31)","decl":{"start":{"line":234,"column":2},"end":{"line":234,"column":25}},"loc":{"start":{"line":234,"column":25},"end":{"line":238,"column":null}},"line":234},"32":{"name":"(anonymous_32)","decl":{"start":{"line":240,"column":2},"end":{"line":240,"column":15}},"loc":{"start":{"line":240,"column":40},"end":{"line":242,"column":null}},"line":240},"33":{"name":"(anonymous_33)","decl":{"start":{"line":244,"column":2},"end":{"line":244,"column":10}},"loc":{"start":{"line":244,"column":10},"end":{"line":258,"column":null}},"line":244},"34":{"name":"(anonymous_34)","decl":{"start":{"line":251,"column":48},"end":{"line":251,"column":53}},"loc":{"start":{"line":251,"column":53},"end":{"line":251,"column":63}},"line":251}},"branchMap":{"0":{"loc":{"start":{"line":32,"column":4},"end":{"line":32,"column":null}},"type":"default-arg","locations":[{"start":{"line":32,"column":29},"end":{"line":32,"column":null}}],"line":32},"1":{"loc":{"start":{"line":97,"column":4},"end":{"line":99,"column":null}},"type":"if","locations":[{"start":{"line":97,"column":4},"end":{"line":99,"column":null}},{"start":{},"end":{}}],"line":97},"2":{"loc":{"start":{"line":101,"column":4},"end":{"line":103,"column":null}},"type":"if","locations":[{"start":{"line":101,"column":4},"end":{"line":103,"column":null}},{"start":{},"end":{}}],"line":101},"3":{"loc":{"start":{"line":101,"column":8},"end":{"line":101,"column":78}},"type":"binary-expr","locations":[{"start":{"line":101,"column":8},"end":{"line":101,"column":33}},{"start":{"line":101,"column":33},"end":{"line":101,"column":78}}],"line":101},"4":{"loc":{"start":{"line":109,"column":4},"end":{"line":111,"column":null}},"type":"if","locations":[{"start":{"line":109,"column":4},"end":{"line":111,"column":null}},{"start":{},"end":{}}],"line":109},"5":{"loc":{"start":{"line":118,"column":4},"end":{"line":120,"column":null}},"type":"if","locations":[{"start":{"line":118,"column":4},"end":{"line":120,"column":null}},{"start":{},"end":{}}],"line":118},"6":{"loc":{"start":{"line":125,"column":4},"end":{"line":127,"column":null}},"type":"if","locations":[{"start":{"line":125,"column":4},"end":{"line":127,"column":null}},{"start":{},"end":{}}],"line":125},"7":{"loc":{"start":{"line":132,"column":4},"end":{"line":134,"column":null}},"type":"if","locations":[{"start":{"line":132,"column":4},"end":{"line":134,"column":null}},{"start":{},"end":{}}],"line":132},"8":{"loc":{"start":{"line":140,"column":4},"end":{"line":146,"column":null}},"type":"if","locations":[{"start":{"line":140,"column":4},"end":{"line":146,"column":null}},{"start":{},"end":{}}],"line":140},"9":{"loc":{"start":{"line":154,"column":4},"end":{"line":156,"column":null}},"type":"if","locations":[{"start":{"line":154,"column":4},"end":{"line":156,"column":null}},{"start":{},"end":{}}],"line":154},"10":{"loc":{"start":{"line":158,"column":4},"end":{"line":160,"column":null}},"type":"if","locations":[{"start":{"line":158,"column":4},"end":{"line":160,"column":null}},{"start":{},"end":{}}],"line":158},"11":{"loc":{"start":{"line":180,"column":4},"end":{"line":182,"column":null}},"type":"if","locations":[{"start":{"line":180,"column":4},"end":{"line":182,"column":null}},{"start":{},"end":{}}],"line":180},"12":{"loc":{"start":{"line":184,"column":4},"end":{"line":186,"column":null}},"type":"if","locations":[{"start":{"line":184,"column":4},"end":{"line":186,"column":null}},{"start":{},"end":{}}],"line":184},"13":{"loc":{"start":{"line":188,"column":4},"end":{"line":190,"column":null}},"type":"if","locations":[{"start":{"line":188,"column":4},"end":{"line":190,"column":null}},{"start":{},"end":{}}],"line":188},"14":{"loc":{"start":{"line":192,"column":4},"end":{"line":194,"column":null}},"type":"if","locations":[{"start":{"line":192,"column":4},"end":{"line":194,"column":null}},{"start":{},"end":{}}],"line":192},"15":{"loc":{"start":{"line":200,"column":4},"end":{"line":202,"column":null}},"type":"if","locations":[{"start":{"line":200,"column":4},"end":{"line":202,"column":null}},{"start":{},"end":{}}],"line":200},"16":{"loc":{"start":{"line":204,"column":4},"end":{"line":206,"column":null}},"type":"if","locations":[{"start":{"line":204,"column":4},"end":{"line":206,"column":null}},{"start":{},"end":{}}],"line":204},"17":{"loc":{"start":{"line":204,"column":8},"end":{"line":204,"column":78}},"type":"binary-expr","locations":[{"start":{"line":204,"column":8},"end":{"line":204,"column":33}},{"start":{"line":204,"column":33},"end":{"line":204,"column":78}}],"line":204},"18":{"loc":{"start":{"line":219,"column":4},"end":{"line":221,"column":null}},"type":"if","locations":[{"start":{"line":219,"column":4},"end":{"line":221,"column":null}},{"start":{},"end":{}}],"line":219},"19":{"loc":{"start":{"line":228,"column":4},"end":{"line":230,"column":null}},"type":"if","locations":[{"start":{"line":228,"column":4},"end":{"line":230,"column":null}},{"start":{},"end":{}}],"line":228},"20":{"loc":{"start":{"line":228,"column":8},"end":{"line":228,"column":59}},"type":"binary-expr","locations":[{"start":{"line":228,"column":8},"end":{"line":228,"column":31}},{"start":{"line":228,"column":31},"end":{"line":228,"column":59}}],"line":228},"21":{"loc":{"start":{"line":241,"column":11},"end":{"line":241,"column":null}},"type":"binary-expr","locations":[{"start":{"line":241,"column":11},"end":{"line":241,"column":58}},{"start":{"line":241,"column":58},"end":{"line":241,"column":null}}],"line":241}},"s":{"0":42,"1":42,"2":42,"3":0,"4":14,"5":16,"6":76,"7":23,"8":20,"9":1,"10":0,"11":1,"12":2,"13":13,"14":13,"15":13,"16":21,"17":0,"18":0,"19":0,"20":0,"21":0,"22":13,"23":1,"24":12,"25":12,"26":0,"27":0,"28":0,"29":3,"30":1,"31":2,"32":2,"33":2,"34":2,"35":0,"36":0,"37":0,"38":0,"39":0,"40":0,"41":0,"42":0,"43":0,"44":0,"45":0,"46":0,"47":0,"48":0,"49":11,"50":0,"51":0,"52":0,"53":4,"54":1,"55":3,"56":1,"57":2,"58":0,"59":2,"60":0,"61":2,"62":9,"63":1,"64":8,"65":1,"66":7,"67":7,"68":7,"69":0,"70":0,"71":0,"72":0,"73":12,"74":11,"75":1,"76":9,"77":9,"78":9,"79":1,"80":0,"81":0},"f":{"0":42,"1":42,"2":42,"3":14,"4":16,"5":76,"6":23,"7":20,"8":1,"9":0,"10":1,"11":2,"12":13,"13":21,"14":0,"15":13,"16":0,"17":3,"18":0,"19":0,"20":0,"21":0,"22":0,"23":11,"24":0,"25":0,"26":0,"27":4,"28":9,"29":0,"30":12,"31":9,"32":1,"33":0,"34":0},"b":{"0":[42],"1":[0,0],"2":[0,0],"3":[0,0],"4":[1,12],"5":[0,0],"6":[1,2],"7":[2,0],"8":[0,0],"9":[0,0],"10":[0,0],"11":[1,3],"12":[1,2],"13":[0,2],"14":[0,2],"15":[1,8],"16":[1,7],"17":[8,7],"18":[0,0],"19":[11,1],"20":[12,2],"21":[1,0]},"meta":{"lastBranch":22,"lastFunction":35,"lastStatement":82,"seen":{"s:26:40:26:Infinity":0,"f:28:10:28:30":0,"s:28:30:28:48":1,"f:30:9:30:Infinity":1,"b:32:29:32:Infinity":0,"s:35:4:43:Infinity":2,"f:46:9:46:22":2,"s:47:4:47:Infinity":3,"f:50:6:50:19":3,"s:51:4:51:Infinity":4,"f:54:6:54:25":4,"s:55:4:55:Infinity":5,"f:58:6:58:27":5,"s:59:4:59:Infinity":6,"f:62:6:62:31":6,"s:63:4:63:Infinity":7,"f:66:6:66:47":7,"s:67:4:67:Infinity":8,"f:70:6:70:52":8,"s:71:4:71:Infinity":9,"f:74:6:74:24":9,"s:75:4:75:Infinity":10,"f:78:6:78:38":10,"s:79:4:79:Infinity":11,"f:82:6:82:34":11,"s:83:4:83:Infinity":12,"f:86:2:86:36":12,"s:87:19:87:Infinity":13,"s:88:4:88:Infinity":14,"s:89:4:89:Infinity":15,"f:92:10:92:25":13,"s:93:4:93:Infinity":16,"f:96:2:96:14":14,"b:97:4:99:Infinity:undefined:undefined:undefined:undefined":1,"s:97:4:99:Infinity":17,"s:98:6:98:Infinity":18,"b:101:4:103:Infinity:undefined:undefined:undefined:undefined":2,"s:101:4:103:Infinity":19,"b:101:8:101:33:101:33:101:78":3,"s:102:6:102:Infinity":20,"s:105:4:105:Infinity":21,"f:108:2:108:11":15,"b:109:4:111:Infinity:undefined:undefined:undefined:undefined":4,"s:109:4:111:Infinity":22,"s:110:6:110:Infinity":23,"s:113:4:113:Infinity":24,"s:114:4:114:Infinity":25,"f:117:2:117:19":16,"b:118:4:120:Infinity:undefined:undefined:undefined:undefined":5,"s:118:4:120:Infinity":26,"s:119:6:119:Infinity":27,"s:121:4:121:Infinity":28,"f:124:2:124:17":17,"b:125:4:127:Infinity:undefined:undefined:undefined:undefined":6,"s:125:4:127:Infinity":29,"s:126:6:126:Infinity":30,"s:129:24:129:Infinity":31,"s:130:4:130:Infinity":32,"b:132:4:134:Infinity:undefined:undefined:undefined:undefined":7,"s:132:4:134:Infinity":33,"s:133:6:133:Infinity":34,"f:137:2:137:35":18,"s:138:22:138:Infinity":35,"b:140:4:146:Infinity:undefined:undefined:undefined:undefined":8,"s:140:4:146:Infinity":36,"s:141:26:141:Infinity":37,"s:142:6:142:Infinity":38,"s:143:6:145:Infinity":39,"f:149:2:149:16":19,"s:150:19:152:Infinity":40,"f:151:6:151:11":20,"s:151:11:151:Infinity":41,"b:154:4:156:Infinity:undefined:undefined:undefined:undefined":9,"s:154:4:156:Infinity":42,"s:155:6:155:Infinity":43,"b:158:4:160:Infinity:undefined:undefined:undefined:undefined":10,"s:158:4:160:Infinity":44,"s:159:6:159:Infinity":45,"s:162:4:162:Infinity":46,"f:165:2:165:19":21,"s:166:4:168:Infinity":47,"f:167:6:167:11":22,"s:167:11:167:Infinity":48,"f:171:2:171:37":23,"s:172:4:172:Infinity":49,"f:172:40:172:45":24,"s:172:45:172:59":50,"f:175:2:175:46":25,"s:176:4:176:Infinity":51,"f:176:42:176:47":26,"s:176:47:176:61":52,"f:179:2:179:16":27,"b:180:4:182:Infinity:undefined:undefined:undefined:undefined":11,"s:180:4:182:Infinity":53,"s:181:6:181:Infinity":54,"b:184:4:186:Infinity:undefined:undefined:undefined:undefined":12,"s:184:4:186:Infinity":55,"s:185:6:185:Infinity":56,"b:188:4:190:Infinity:undefined:undefined:undefined:undefined":13,"s:188:4:190:Infinity":57,"s:189:6:189:Infinity":58,"b:192:4:194:Infinity:undefined:undefined:undefined:undefined":14,"s:192:4:194:Infinity":59,"s:193:6:193:Infinity":60,"s:196:4:196:Infinity":61,"f:199:2:199:11":28,"b:200:4:202:Infinity:undefined:undefined:undefined:undefined":15,"s:200:4:202:Infinity":62,"s:201:6:201:Infinity":63,"b:204:4:206:Infinity:undefined:undefined:undefined:undefined":16,"s:204:4:206:Infinity":64,"b:204:8:204:33:204:33:204:78":17,"s:205:6:205:Infinity":65,"s:208:4:208:Infinity":66,"s:209:4:209:Infinity":67,"s:211:4:215:Infinity":68,"f:218:2:218:9":29,"b:219:4:221:Infinity:undefined:undefined:undefined:undefined":18,"s:219:4:221:Infinity":69,"s:220:6:220:Infinity":70,"s:223:4:223:Infinity":71,"s:224:4:224:Infinity":72,"f:227:2:227:23":30,"b:228:4:230:Infinity:undefined:undefined:undefined:undefined":19,"s:228:4:230:Infinity":73,"b:228:8:228:31:228:31:228:59":20,"s:229:6:229:Infinity":74,"s:231:4:231:Infinity":75,"f:234:2:234:25":31,"s:235:16:235:Infinity":76,"s:236:21:236:Infinity":77,"s:237:4:237:Infinity":78,"f:240:2:240:15":32,"s:241:4:241:Infinity":79,"b:241:11:241:58:241:58:241:Infinity":21,"f:244:2:244:10":33,"s:245:4:257:Infinity":80,"f:251:48:251:53":34,"s:251:53:251:63":81}}}
,"/Users/al03161226/Documents/Personal/Coding/ddd-task-app/src/domain/events/TaskAssignedEvent.ts": {"path":"/Users/al03161226/Documents/Personal/Coding/ddd-task-app/src/domain/events/TaskAssignedEvent.ts","statementMap":{"0":{"start":{"line":6,"column":30},"end":{"line":6,"column":null}},"1":{"start":{"line":10,"column":20},"end":{"line":10,"column":null}},"2":{"start":{"line":11,"column":20},"end":{"line":11,"column":null}},"3":{"start":{"line":12,"column":20},"end":{"line":12,"column":null}},"4":{"start":{"line":14,"column":4},"end":{"line":14,"column":null}}},"fnMap":{"0":{"name":"(anonymous_0)","decl":{"start":{"line":9,"column":2},"end":{"line":9,"column":null}},"loc":{"start":{"line":13,"column":4},"end":{"line":15,"column":null}},"line":13}},"branchMap":{},"s":{"0":12,"1":12,"2":12,"3":12,"4":12},"f":{"0":12},"b":{},"meta":{"lastBranch":0,"lastFunction":1,"lastStatement":5,"seen":{"s:6:30:6:Infinity":0,"f:9:2:9:Infinity":0,"s:10:20:10:Infinity":1,"s:11:20:11:Infinity":2,"s:12:20:12:Infinity":3,"s:14:4:14:Infinity":4}}}
,"/Users/al03161226/Documents/Personal/Coding/ddd-task-app/src/domain/events/TaskCompletedEvent.ts": {"path":"/Users/al03161226/Documents/Personal/Coding/ddd-task-app/src/domain/events/TaskCompletedEvent.ts","statementMap":{"0":{"start":{"line":6,"column":30},"end":{"line":6,"column":null}},"1":{"start":{"line":10,"column":20},"end":{"line":10,"column":null}},"2":{"start":{"line":11,"column":20},"end":{"line":11,"column":null}},"3":{"start":{"line":12,"column":20},"end":{"line":12,"column":null}},"4":{"start":{"line":14,"column":4},"end":{"line":14,"column":null}}},"fnMap":{"0":{"name":"(anonymous_0)","decl":{"start":{"line":9,"column":2},"end":{"line":9,"column":null}},"loc":{"start":{"line":13,"column":4},"end":{"line":15,"column":null}},"line":13}},"branchMap":{},"s":{"0":7,"1":7,"2":7,"3":7,"4":7},"f":{"0":7},"b":{},"meta":{"lastBranch":0,"lastFunction":1,"lastStatement":5,"seen":{"s:6:30:6:Infinity":0,"f:9:2:9:Infinity":0,"s:10:20:10:Infinity":1,"s:11:20:11:Infinity":2,"s:12:20:12:Infinity":3,"s:14:4:14:Infinity":4}}}
,"/Users/al03161226/Documents/Personal/Coding/ddd-task-app/src/domain/events/TaskPriorityEscalatedEvent.ts": {"path":"/Users/al03161226/Documents/Personal/Coding/ddd-task-app/src/domain/events/TaskPriorityEscalatedEvent.ts","statementMap":{"0":{"start":{"line":6,"column":30},"end":{"line":6,"column":null}},"1":{"start":{"line":10,"column":20},"end":{"line":10,"column":null}},"2":{"start":{"line":11,"column":20},"end":{"line":11,"column":null}},"3":{"start":{"line":12,"column":20},"end":{"line":12,"column":null}},"4":{"start":{"line":14,"column":4},"end":{"line":14,"column":null}}},"fnMap":{"0":{"name":"(anonymous_0)","decl":{"start":{"line":9,"column":2},"end":{"line":9,"column":null}},"loc":{"start":{"line":13,"column":4},"end":{"line":15,"column":null}},"line":13}},"branchMap":{},"s":{"0":2,"1":2,"2":2,"3":2,"4":2},"f":{"0":2},"b":{},"meta":{"lastBranch":0,"lastFunction":1,"lastStatement":5,"seen":{"s:6:30:6:Infinity":0,"f:9:2:9:Infinity":0,"s:10:20:10:Infinity":1,"s:11:20:11:Infinity":2,"s:12:20:12:Infinity":3,"s:14:4:14:Infinity":4}}}
,"/Users/al03161226/Documents/Personal/Coding/ddd-task-app/src/domain/valueObjects/TaskAssignment.ts": {"path":"/Users/al03161226/Documents/Personal/Coding/ddd-task-app/src/domain/valueObjects/TaskAssignment.ts","statementMap":{"0":{"start":{"line":5,"column":21},"end":{"line":5,"column":null}},"1":{"start":{"line":6,"column":21},"end":{"line":6,"column":null}},"2":{"start":{"line":7,"column":21},"end":{"line":7,"column":null}},"3":{"start":{"line":11,"column":4},"end":{"line":11,"column":null}},"4":{"start":{"line":15,"column":4},"end":{"line":15,"column":null}},"5":{"start":{"line":19,"column":4},"end":{"line":19,"column":null}},"6":{"start":{"line":23,"column":4},"end":{"line":23,"column":null}},"7":{"start":{"line":27,"column":4},"end":{"line":27,"column":null}},"8":{"start":{"line":31,"column":4},"end":{"line":31,"column":null}},"9":{"start":{"line":35,"column":4},"end":{"line":39,"column":null}}},"fnMap":{"0":{"name":"(anonymous_0)","decl":{"start":{"line":4,"column":10},"end":{"line":4,"column":null}},"loc":{"start":{"line":8,"column":4},"end":{"line":8,"column":null}},"line":8},"1":{"name":"(anonymous_1)","decl":{"start":{"line":10,"column":9},"end":{"line":10,"column":16}},"loc":{"start":{"line":10,"column":72},"end":{"line":12,"column":null}},"line":10},"2":{"name":"(anonymous_2)","decl":{"start":{"line":14,"column":9},"end":{"line":14,"column":22}},"loc":{"start":{"line":14,"column":96},"end":{"line":16,"column":null}},"line":14},"3":{"name":"(anonymous_3)","decl":{"start":{"line":18,"column":2},"end":{"line":18,"column":26}},"loc":{"start":{"line":18,"column":26},"end":{"line":20,"column":null}},"line":18},"4":{"name":"(anonymous_4)","decl":{"start":{"line":22,"column":2},"end":{"line":22,"column":26}},"loc":{"start":{"line":22,"column":26},"end":{"line":24,"column":null}},"line":22},"5":{"name":"(anonymous_5)","decl":{"start":{"line":26,"column":2},"end":{"line":26,"column":24}},"loc":{"start":{"line":26,"column":24},"end":{"line":28,"column":null}},"line":26},"6":{"name":"(anonymous_6)","decl":{"start":{"line":30,"column":2},"end":{"line":30,"column":15}},"loc":{"start":{"line":30,"column":40},"end":{"line":32,"column":null}},"line":30},"7":{"name":"(anonymous_7)","decl":{"start":{"line":34,"column":2},"end":{"line":34,"column":11}},"loc":{"start":{"line":34,"column":11},"end":{"line":40,"column":null}},"line":34}},"branchMap":{},"s":{"0":12,"1":12,"2":12,"3":12,"4":0,"5":0,"6":0,"7":0,"8":10,"9":0},"f":{"0":12,"1":3,"2":3,"3":0,"4":0,"5":0,"6":10,"7":0},"b":{},"meta":{"lastBranch":0,"lastFunction":8,"lastStatement":10,"seen":{"f:4:10:4:Infinity":0,"s:5:21:5:Infinity":0,"s:6:21:6:Infinity":1,"s:7:21:7:Infinity":2,"f:10:9:10:16":1,"s:11:4:11:Infinity":3,"f:14:9:14:22":2,"s:15:4:15:Infinity":4,"f:18:2:18:26":3,"s:19:4:19:Infinity":5,"f:22:2:22:26":4,"s:23:4:23:Infinity":6,"f:26:2:26:24":5,"s:27:4:27:Infinity":7,"f:30:2:30:15":6,"s:31:4:31:Infinity":8,"f:34:2:34:11":7,"s:35:4:39:Infinity":9}}}
,"/Users/al03161226/Documents/Personal/Coding/ddd-task-app/src/domain/valueObjects/TaskId.ts": {"path":"/Users/al03161226/Documents/Personal/Coding/ddd-task-app/src/domain/valueObjects/TaskId.ts","statementMap":{"0":{"start":{"line":2,"column":39},"end":{"line":2,"column":54}},"1":{"start":{"line":3,"column":4},"end":{"line":5,"column":null}},"2":{"start":{"line":4,"column":6},"end":{"line":4,"column":null}},"3":{"start":{"line":9,"column":4},"end":{"line":9,"column":null}},"4":{"start":{"line":13,"column":4},"end":{"line":13,"column":null}},"5":{"start":{"line":17,"column":4},"end":{"line":17,"column":null}},"6":{"start":{"line":21,"column":4},"end":{"line":21,"column":null}}},"fnMap":{"0":{"name":"(anonymous_0)","decl":{"start":{"line":2,"column":10},"end":{"line":2,"column":39}},"loc":{"start":{"line":2,"column":54},"end":{"line":6,"column":null}},"line":2},"1":{"name":"(anonymous_1)","decl":{"start":{"line":8,"column":9},"end":{"line":8,"column":26}},"loc":{"start":{"line":8,"column":26},"end":{"line":10,"column":null}},"line":8},"2":{"name":"(anonymous_2)","decl":{"start":{"line":12,"column":9},"end":{"line":12,"column":20}},"loc":{"start":{"line":12,"column":40},"end":{"line":14,"column":null}},"line":12},"3":{"name":"(anonymous_3)","decl":{"start":{"line":16,"column":2},"end":{"line":16,"column":21}},"loc":{"start":{"line":16,"column":21},"end":{"line":18,"column":null}},"line":16},"4":{"name":"(anonymous_4)","decl":{"start":{"line":20,"column":2},"end":{"line":20,"column":9}},"loc":{"start":{"line":20,"column":33},"end":{"line":22,"column":null}},"line":20}},"branchMap":{"0":{"loc":{"start":{"line":3,"column":4},"end":{"line":5,"column":null}},"type":"if","locations":[{"start":{"line":3,"column":4},"end":{"line":5,"column":null}},{"start":{},"end":{}}],"line":3},"1":{"loc":{"start":{"line":3,"column":8},"end":{"line":3,"column":45}},"type":"binary-expr","locations":[{"start":{"line":3,"column":8},"end":{"line":3,"column":18}},{"start":{"line":3,"column":18},"end":{"line":3,"column":45}}],"line":3}},"s":{"0":42,"1":42,"2":0,"3":42,"4":0,"5":13,"6":0},"f":{"0":42,"1":3,"2":3,"3":13,"4":0},"b":{"0":[0,42],"1":[42,42]},"meta":{"lastBranch":2,"lastFunction":5,"lastStatement":7,"seen":{"f:2:10:2:39":0,"s:2:39:2:54":0,"b:3:4:5:Infinity:undefined:undefined:undefined:undefined":0,"s:3:4:5:Infinity":1,"b:3:8:3:18:3:18:3:45":1,"s:4:6:4:Infinity":2,"f:8:9:8:26":1,"s:9:4:9:Infinity":3,"f:12:9:12:20":2,"s:13:4:13:Infinity":4,"f:16:2:16:21":3,"s:17:4:17:Infinity":5,"f:20:2:20:9":4,"s:21:4:21:Infinity":6}}}
,"/Users/al03161226/Documents/Personal/Coding/ddd-task-app/src/domain/valueObjects/TaskPriority.ts": {"path":"/Users/al03161226/Documents/Personal/Coding/ddd-task-app/src/domain/valueObjects/TaskPriority.ts","statementMap":{"0":{"start":{"line":1,"column":7},"end":{"line":1,"column":null}},"1":{"start":{"line":2,"column":2},"end":{"line":2,"column":8}},"2":{"start":{"line":3,"column":2},"end":{"line":3,"column":11}},"3":{"start":{"line":4,"column":2},"end":{"line":4,"column":9}},"4":{"start":{"line":5,"column":2},"end":{"line":5,"column":13}},"5":{"start":{"line":1,"column":12},"end":{"line":1,"column":null}},"6":{"start":{"line":10,"column":21},"end":{"line":10,"column":null}},"7":{"start":{"line":11,"column":21},"end":{"line":11,"column":null}},"8":{"start":{"line":15,"column":4},"end":{"line":15,"column":null}},"9":{"start":{"line":19,"column":4},"end":{"line":19,"column":null}},"10":{"start":{"line":23,"column":4},"end":{"line":23,"column":null}},"11":{"start":{"line":27,"column":4},"end":{"line":27,"column":null}},"12":{"start":{"line":31,"column":4},"end":{"line":31,"column":null}},"13":{"start":{"line":35,"column":4},"end":{"line":35,"column":null}},"14":{"start":{"line":39,"column":4},"end":{"line":39,"column":null}},"15":{"start":{"line":43,"column":21},"end":{"line":43,"column":null}},"16":{"start":{"line":44,"column":4},"end":{"line":44,"column":null}},"17":{"start":{"line":48,"column":4},"end":{"line":57,"column":null}},"18":{"start":{"line":50,"column":8},"end":{"line":50,"column":null}},"19":{"start":{"line":52,"column":8},"end":{"line":52,"column":null}},"20":{"start":{"line":54,"column":8},"end":{"line":54,"column":null}},"21":{"start":{"line":56,"column":8},"end":{"line":56,"column":null}},"22":{"start":{"line":61,"column":4},"end":{"line":61,"column":null}},"23":{"start":{"line":65,"column":4},"end":{"line":65,"column":null}},"24":{"start":{"line":69,"column":4},"end":{"line":69,"column":null}},"25":{"start":{"line":73,"column":4},"end":{"line":76,"column":null}}},"fnMap":{"0":{"name":"(anonymous_0)","decl":{"start":{"line":1,"column":7},"end":{"line":1,"column":12}},"loc":{"start":{"line":1,"column":7},"end":{"line":1,"column":null}},"line":1},"1":{"name":"(anonymous_1)","decl":{"start":{"line":9,"column":10},"end":{"line":9,"column":null}},"loc":{"start":{"line":12,"column":4},"end":{"line":12,"column":null}},"line":12},"2":{"name":"(anonymous_2)","decl":{"start":{"line":14,"column":9},"end":{"line":14,"column":29}},"loc":{"start":{"line":14,"column":29},"end":{"line":16,"column":null}},"line":14},"3":{"name":"(anonymous_3)","decl":{"start":{"line":18,"column":9},"end":{"line":18,"column":32}},"loc":{"start":{"line":18,"column":32},"end":{"line":20,"column":null}},"line":18},"4":{"name":"(anonymous_4)","decl":{"start":{"line":22,"column":9},"end":{"line":22,"column":30}},"loc":{"start":{"line":22,"column":30},"end":{"line":24,"column":null}},"line":22},"5":{"name":"(anonymous_5)","decl":{"start":{"line":26,"column":9},"end":{"line":26,"column":34}},"loc":{"start":{"line":26,"column":34},"end":{"line":28,"column":null}},"line":26},"6":{"name":"(anonymous_6)","decl":{"start":{"line":30,"column":9},"end":{"line":30,"column":19}},"loc":{"start":{"line":30,"column":55},"end":{"line":32,"column":null}},"line":30},"7":{"name":"(anonymous_7)","decl":{"start":{"line":34,"column":9},"end":{"line":34,"column":22}},"loc":{"start":{"line":34,"column":85},"end":{"line":36,"column":null}},"line":34},"8":{"name":"(anonymous_8)","decl":{"start":{"line":38,"column":2},"end":{"line":38,"column":28}},"loc":{"start":{"line":38,"column":28},"end":{"line":40,"column":null}},"line":38},"9":{"name":"(anonymous_9)","decl":{"start":{"line":42,"column":2},"end":{"line":42,"column":27}},"loc":{"start":{"line":42,"column":27},"end":{"line":45,"column":null}},"line":42},"10":{"name":"(anonymous_10)","decl":{"start":{"line":47,"column":2},"end":{"line":47,"column":17}},"loc":{"start":{"line":47,"column":43},"end":{"line":58,"column":null}},"line":47},"11":{"name":"(anonymous_11)","decl":{"start":{"line":60,"column":2},"end":{"line":60,"column":15}},"loc":{"start":{"line":60,"column":45},"end":{"line":62,"column":null}},"line":60},"12":{"name":"(anonymous_12)","decl":{"start":{"line":64,"column":2},"end":{"line":64,"column":9}},"loc":{"start":{"line":64,"column":39},"end":{"line":66,"column":null}},"line":64},"13":{"name":"(anonymous_13)","decl":{"start":{"line":68,"column":2},"end":{"line":68,"column":21}},"loc":{"start":{"line":68,"column":21},"end":{"line":70,"column":null}},"line":68},"14":{"name":"(anonymous_14)","decl":{"start":{"line":72,"column":2},"end":{"line":72,"column":11}},"loc":{"start":{"line":72,"column":11},"end":{"line":77,"column":null}},"line":72}},"branchMap":{"0":{"loc":{"start":{"line":1,"column":12},"end":{"line":1,"column":null}},"type":"binary-expr","locations":[{"start":{"line":1,"column":12},"end":{"line":1,"column":null}},{"start":{"line":1,"column":12},"end":{"line":1,"column":null}}],"line":1},"1":{"loc":{"start":{"line":48,"column":4},"end":{"line":57,"column":null}},"type":"switch","locations":[{"start":{"line":49,"column":6},"end":{"line":50,"column":null}},{"start":{"line":51,"column":6},"end":{"line":52,"column":null}},{"start":{"line":53,"column":6},"end":{"line":54,"column":null}},{"start":{"line":55,"column":6},"end":{"line":56,"column":null}}],"line":48}},"s":{"0":3,"1":3,"2":3,"3":3,"4":3,"5":3,"6":52,"7":52,"8":1,"9":42,"10":9,"11":0,"12":0,"13":0,"14":10,"15":0,"16":0,"17":0,"18":0,"19":0,"20":0,"21":0,"22":2,"23":0,"24":18,"25":0},"f":{"0":3,"1":52,"2":3,"3":3,"4":3,"5":3,"6":3,"7":3,"8":10,"9":0,"10":0,"11":2,"12":0,"13":18,"14":0},"b":{"0":[3,3],"1":[0,0,0,0]},"meta":{"lastBranch":2,"lastFunction":15,"lastStatement":26,"seen":{"s:1:7:1:Infinity":0,"f:1:7:1:12":0,"s:2:2:2:8":1,"s:3:2:3:11":2,"s:4:2:4:9":3,"s:5:2:5:13":4,"s:1:12:1:Infinity":5,"b:1:12:1:Infinity:1:12:1:Infinity":0,"f:9:10:9:Infinity":1,"s:10:21:10:Infinity":6,"s:11:21:11:Infinity":7,"f:14:9:14:29":2,"s:15:4:15:Infinity":8,"f:18:9:18:32":3,"s:19:4:19:Infinity":9,"f:22:9:22:30":4,"s:23:4:23:Infinity":10,"f:26:9:26:34":5,"s:27:4:27:Infinity":11,"f:30:9:30:19":6,"s:31:4:31:Infinity":12,"f:34:9:34:22":7,"s:35:4:35:Infinity":13,"f:38:2:38:28":8,"s:39:4:39:Infinity":14,"f:42:2:42:27":9,"s:43:21:43:Infinity":15,"s:44:4:44:Infinity":16,"f:47:2:47:17":10,"b:49:6:50:Infinity:51:6:52:Infinity:53:6:54:Infinity:55:6:56:Infinity":1,"s:48:4:57:Infinity":17,"s:50:8:50:Infinity":18,"s:52:8:52:Infinity":19,"s:54:8:54:Infinity":20,"s:56:8:56:Infinity":21,"f:60:2:60:15":11,"s:61:4:61:Infinity":22,"f:64:2:64:9":12,"s:65:4:65:Infinity":23,"f:68:2:68:21":13,"s:69:4:69:Infinity":24,"f:72:2:72:11":14,"s:73:4:76:Infinity":25}}}
,"/Users/al03161226/Documents/Personal/Coding/ddd-task-app/src/domain/valueObjects/TaskStatus.ts": {"path":"/Users/al03161226/Documents/Personal/Coding/ddd-task-app/src/domain/valueObjects/TaskStatus.ts","statementMap":{"0":{"start":{"line":1,"column":7},"end":{"line":1,"column":null}},"1":{"start":{"line":2,"column":2},"end":{"line":2,"column":null}},"2":{"start":{"line":3,"column":2},"end":{"line":3,"column":null}},"3":{"start":{"line":4,"column":2},"end":{"line":4,"column":null}},"4":{"start":{"line":1,"column":12},"end":{"line":1,"column":null}},"5":{"start":{"line":8,"column":39},"end":{"line":8,"column":62}},"6":{"start":{"line":11,"column":4},"end":{"line":11,"column":null}},"7":{"start":{"line":15,"column":4},"end":{"line":15,"column":null}},"8":{"start":{"line":19,"column":4},"end":{"line":19,"column":null}},"9":{"start":{"line":23,"column":23},"end":{"line":23,"column":null}},"10":{"start":{"line":24,"column":4},"end":{"line":26,"column":null}},"11":{"start":{"line":25,"column":6},"end":{"line":25,"column":null}},"12":{"start":{"line":27,"column":4},"end":{"line":27,"column":null}},"13":{"start":{"line":31,"column":4},"end":{"line":31,"column":null}},"14":{"start":{"line":35,"column":4},"end":{"line":35,"column":null}},"15":{"start":{"line":39,"column":4},"end":{"line":39,"column":null}},"16":{"start":{"line":43,"column":4},"end":{"line":43,"column":null}}},"fnMap":{"0":{"name":"(anonymous_0)","decl":{"start":{"line":1,"column":7},"end":{"line":1,"column":12}},"loc":{"start":{"line":1,"column":7},"end":{"line":1,"column":null}},"line":1},"1":{"name":"(anonymous_1)","decl":{"start":{"line":8,"column":10},"end":{"line":8,"column":39}},"loc":{"start":{"line":8,"column":62},"end":{"line":8,"column":null}},"line":8},"2":{"name":"(anonymous_2)","decl":{"start":{"line":10,"column":9},"end":{"line":10,"column":28}},"loc":{"start":{"line":10,"column":28},"end":{"line":12,"column":null}},"line":10},"3":{"name":"(anonymous_3)","decl":{"start":{"line":14,"column":9},"end":{"line":14,"column":34}},"loc":{"start":{"line":14,"column":34},"end":{"line":16,"column":null}},"line":14},"4":{"name":"(anonymous_4)","decl":{"start":{"line":18,"column":9},"end":{"line":18,"column":28}},"loc":{"start":{"line":18,"column":28},"end":{"line":20,"column":null}},"line":18},"5":{"name":"(anonymous_5)","decl":{"start":{"line":22,"column":9},"end":{"line":22,"column":20}},"loc":{"start":{"line":22,"column":48},"end":{"line":28,"column":null}},"line":22},"6":{"name":"(anonymous_6)","decl":{"start":{"line":30,"column":2},"end":{"line":30,"column":21}},"loc":{"start":{"line":30,"column":21},"end":{"line":32,"column":null}},"line":30},"7":{"name":"(anonymous_7)","decl":{"start":{"line":34,"column":2},"end":{"line":34,"column":20}},"loc":{"start":{"line":34,"column":20},"end":{"line":36,"column":null}},"line":34},"8":{"name":"(anonymous_8)","decl":{"start":{"line":38,"column":2},"end":{"line":38,"column":20}},"loc":{"start":{"line":38,"column":20},"end":{"line":40,"column":null}},"line":38},"9":{"name":"(anonymous_9)","decl":{"start":{"line":42,"column":2},"end":{"line":42,"column":9}},"loc":{"start":{"line":42,"column":37},"end":{"line":44,"column":null}},"line":42}},"branchMap":{"0":{"loc":{"start":{"line":1,"column":12},"end":{"line":1,"column":null}},"type":"binary-expr","locations":[{"start":{"line":1,"column":12},"end":{"line":1,"column":null}},{"start":{"line":1,"column":12},"end":{"line":1,"column":null}}],"line":1},"1":{"loc":{"start":{"line":24,"column":4},"end":{"line":26,"column":null}},"type":"if","locations":[{"start":{"line":24,"column":4},"end":{"line":26,"column":null}},{"start":{},"end":{}}],"line":24}},"s":{"0":3,"1":3,"2":3,"3":3,"4":3,"5":51,"6":42,"7":2,"8":7,"9":0,"10":0,"11":0,"12":0,"13":19,"14":6,"15":82,"16":0},"f":{"0":3,"1":51,"2":3,"3":3,"4":3,"5":3,"6":19,"7":6,"8":82,"9":0},"b":{"0":[3,3],"1":[0,0]},"meta":{"lastBranch":2,"lastFunction":10,"lastStatement":17,"seen":{"s:1:7:1:Infinity":0,"f:1:7:1:12":0,"s:2:2:2:Infinity":1,"s:3:2:3:Infinity":2,"s:4:2:4:Infinity":3,"s:1:12:1:Infinity":4,"b:1:12:1:Infinity:1:12:1:Infinity":0,"f:8:10:8:39":1,"s:8:39:8:62":5,"f:10:9:10:28":2,"s:11:4:11:Infinity":6,"f:14:9:14:34":3,"s:15:4:15:Infinity":7,"f:18:9:18:28":4,"s:19:4:19:Infinity":8,"f:22:9:22:20":5,"s:23:23:23:Infinity":9,"b:24:4:26:Infinity:undefined:undefined:undefined:undefined":1,"s:24:4:26:Infinity":10,"s:25:6:25:Infinity":11,"s:27:4:27:Infinity":12,"f:30:2:30:21":6,"s:31:4:31:Infinity":13,"f:34:2:34:20":7,"s:35:4:35:Infinity":14,"f:38:2:38:20":8,"s:39:4:39:Infinity":15,"f:42:2:42:9":9,"s:43:4:43:Infinity":16}}}
,"/Users/al03161226/Documents/Personal/Coding/ddd-task-app/src/domain/valueObjects/TaskTitle.ts": {"path":"/Users/al03161226/Documents/Personal/Coding/ddd-task-app/src/domain/valueObjects/TaskTitle.ts","statementMap":{"0":{"start":{"line":2,"column":39},"end":{"line":2,"column":null}},"1":{"start":{"line":4,"column":39},"end":{"line":4,"column":54}},"2":{"start":{"line":5,"column":20},"end":{"line":5,"column":null}},"3":{"start":{"line":7,"column":4},"end":{"line":9,"column":null}},"4":{"start":{"line":8,"column":6},"end":{"line":8,"column":null}},"5":{"start":{"line":11,"column":4},"end":{"line":13,"column":null}},"6":{"start":{"line":12,"column":6},"end":{"line":12,"column":null}},"7":{"start":{"line":15,"column":4},"end":{"line":15,"column":null}},"8":{"start":{"line":19,"column":4},"end":{"line":19,"column":null}},"9":{"start":{"line":23,"column":4},"end":{"line":23,"column":null}}},"fnMap":{"0":{"name":"(anonymous_0)","decl":{"start":{"line":4,"column":10},"end":{"line":4,"column":39}},"loc":{"start":{"line":4,"column":54},"end":{"line":16,"column":null}},"line":4},"1":{"name":"(anonymous_1)","decl":{"start":{"line":18,"column":9},"end":{"line":18,"column":16}},"loc":{"start":{"line":18,"column":42},"end":{"line":20,"column":null}},"line":18},"2":{"name":"(anonymous_2)","decl":{"start":{"line":22,"column":2},"end":{"line":22,"column":21}},"loc":{"start":{"line":22,"column":21},"end":{"line":24,"column":null}},"line":22}},"branchMap":{"0":{"loc":{"start":{"line":7,"column":4},"end":{"line":9,"column":null}},"type":"if","locations":[{"start":{"line":7,"column":4},"end":{"line":9,"column":null}},{"start":{},"end":{}}],"line":7},"1":{"loc":{"start":{"line":11,"column":4},"end":{"line":13,"column":null}},"type":"if","locations":[{"start":{"line":11,"column":4},"end":{"line":13,"column":null}},{"start":{},"end":{}}],"line":11}},"s":{"0":4,"1":51,"2":51,"3":51,"4":3,"5":48,"6":2,"7":46,"8":51,"9":20},"f":{"0":51,"1":4,"2":20},"b":{"0":[3,48],"1":[2,46]},"meta":{"lastBranch":2,"lastFunction":3,"lastStatement":10,"seen":{"s:2:39:2:Infinity":0,"f:4:10:4:39":0,"s:4:39:4:54":1,"s:5:20:5:Infinity":2,"b:7:4:9:Infinity:undefined:undefined:undefined:undefined":0,"s:7:4:9:Infinity":3,"s:8:6:8:Infinity":4,"b:11:4:13:Infinity:undefined:undefined:undefined:undefined":1,"s:11:4:13:Infinity":5,"s:12:6:12:Infinity":6,"s:15:4:15:Infinity":7,"f:18:9:18:16":1,"s:19:4:19:Infinity":8,"f:22:2:22:21":2,"s:23:4:23:Infinity":9}}}
,"/Users/al03161226/Documents/Personal/Coding/ddd-task-app/src/domain/valueObjects/UserId.ts": {"path":"/Users/al03161226/Documents/Personal/Coding/ddd-task-app/src/domain/valueObjects/UserId.ts","statementMap":{"0":{"start":{"line":2,"column":39},"end":{"line":2,"column":54}},"1":{"start":{"line":3,"column":4},"end":{"line":5,"column":null}},"2":{"start":{"line":4,"column":6},"end":{"line":4,"column":null}},"3":{"start":{"line":9,"column":4},"end":{"line":9,"column":null}},"4":{"start":{"line":13,"column":4},"end":{"line":13,"column":null}},"5":{"start":{"line":17,"column":4},"end":{"line":17,"column":null}}},"fnMap":{"0":{"name":"(anonymous_0)","decl":{"start":{"line":2,"column":10},"end":{"line":2,"column":39}},"loc":{"start":{"line":2,"column":54},"end":{"line":6,"column":null}},"line":2},"1":{"name":"(anonymous_1)","decl":{"start":{"line":8,"column":9},"end":{"line":8,"column":16}},"loc":{"start":{"line":8,"column":36},"end":{"line":10,"column":null}},"line":8},"2":{"name":"(anonymous_2)","decl":{"start":{"line":12,"column":2},"end":{"line":12,"column":21}},"loc":{"start":{"line":12,"column":21},"end":{"line":14,"column":null}},"line":12},"3":{"name":"(anonymous_3)","decl":{"start":{"line":16,"column":2},"end":{"line":16,"column":9}},"loc":{"start":{"line":16,"column":33},"end":{"line":18,"column":null}},"line":16}},"branchMap":{"0":{"loc":{"start":{"line":3,"column":4},"end":{"line":5,"column":null}},"type":"if","locations":[{"start":{"line":3,"column":4},"end":{"line":5,"column":null}},{"start":{},"end":{}}],"line":3},"1":{"loc":{"start":{"line":3,"column":8},"end":{"line":3,"column":45}},"type":"binary-expr","locations":[{"start":{"line":3,"column":8},"end":{"line":3,"column":18}},{"start":{"line":3,"column":18},"end":{"line":3,"column":45}}],"line":3}},"s":{"0":25,"1":25,"2":0,"3":25,"4":0,"5":10},"f":{"0":25,"1":1,"2":0,"3":10},"b":{"0":[0,25],"1":[25,25]},"meta":{"lastBranch":2,"lastFunction":4,"lastStatement":6,"seen":{"f:2:10:2:39":0,"s:2:39:2:54":0,"b:3:4:5:Infinity:undefined:undefined:undefined:undefined":0,"s:3:4:5:Infinity":1,"b:3:8:3:18:3:18:3:45":1,"s:4:6:4:Infinity":2,"f:8:9:8:16":1,"s:9:4:9:Infinity":3,"f:12:2:12:21":2,"s:13:4:13:Infinity":4,"f:16:2:16:9":3,"s:17:4:17:Infinity":5}}}
,"/Users/al03161226/Documents/Personal/Coding/ddd-task-app/src/presentation/components/TaskManagementApp.tsx": {"path":"/Users/al03161226/Documents/Personal/Coding/ddd-task-app/src/presentation/components/TaskManagementApp.tsx","statementMap":{"0":{"start":{"line":4,"column":43},"end":{"line":313,"column":null}},"1":{"start":{"line":5,"column":24},"end":{"line":5,"column":null}},"2":{"start":{"line":15,"column":2},"end":{"line":15,"column":null}},"3":{"start":{"line":17,"column":38},"end":{"line":17,"column":null}},"4":{"start":{"line":18,"column":46},"end":{"line":18,"column":null}},"5":{"start":{"line":19,"column":38},"end":{"line":19,"column":null}},"6":{"start":{"line":21,"column":27},"end":{"line":31,"column":null}},"7":{"start":{"line":22,"column":4},"end":{"line":22,"column":null}},"8":{"start":{"line":23,"column":4},"end":{"line":23,"column":null}},"9":{"start":{"line":23,"column":30},"end":{"line":23,"column":null}},"10":{"start":{"line":25,"column":4},"end":{"line":30,"column":null}},"11":{"start":{"line":26,"column":6},"end":{"line":26,"column":null}},"12":{"start":{"line":27,"column":6},"end":{"line":27,"column":null}},"13":{"start":{"line":29,"column":6},"end":{"line":29,"column":null}},"14":{"start":{"line":33,"column":27},"end":{"line":39,"column":null}},"15":{"start":{"line":34,"column":4},"end":{"line":38,"column":null}},"16":{"start":{"line":35,"column":6},"end":{"line":35,"column":null}},"17":{"start":{"line":37,"column":6},"end":{"line":37,"column":null}},"18":{"start":{"line":41,"column":25},"end":{"line":47,"column":null}},"19":{"start":{"line":42,"column":4},"end":{"line":46,"column":null}},"20":{"start":{"line":43,"column":6},"end":{"line":43,"column":null}},"21":{"start":{"line":45,"column":6},"end":{"line":45,"column":null}},"22":{"start":{"line":49,"column":27},"end":{"line":57,"column":null}},"23":{"start":{"line":50,"column":4},"end":{"line":56,"column":null}},"24":{"start":{"line":51,"column":18},"end":{"line":51,"column":null}},"25":{"start":{"line":52,"column":21},"end":{"line":52,"column":null}},"26":{"start":{"line":53,"column":19},"end":{"line":53,"column":null}},"27":{"start":{"line":54,"column":23},"end":{"line":54,"column":null}},"28":{"start":{"line":55,"column":15},"end":{"line":55,"column":null}},"29":{"start":{"line":59,"column":25},"end":{"line":66,"column":null}},"30":{"start":{"line":60,"column":4},"end":{"line":65,"column":null}},"31":{"start":{"line":61,"column":19},"end":{"line":61,"column":null}},"32":{"start":{"line":62,"column":26},"end":{"line":62,"column":null}},"33":{"start":{"line":63,"column":19},"end":{"line":63,"column":null}},"34":{"start":{"line":64,"column":15},"end":{"line":64,"column":null}},"35":{"start":{"line":68,"column":2},"end":{"line":77,"column":null}},"36":{"start":{"line":69,"column":4},"end":{"line":75,"column":null}},"37":{"start":{"line":79,"column":2},"end":{"line":311,"column":null}},"38":{"start":{"line":117,"column":37},"end":{"line":117,"column":null}},"39":{"start":{"line":125,"column":37},"end":{"line":125,"column":null}},"40":{"start":{"line":151,"column":41},"end":{"line":151,"column":58}},"41":{"start":{"line":154,"column":41},"end":{"line":154,"column":59}},"42":{"start":{"line":170,"column":20},"end":{"line":235,"column":null}},"43":{"start":{"line":178,"column":42},"end":{"line":178,"column":null}},"44":{"start":{"line":190,"column":47},"end":{"line":190,"column":null}},"45":{"start":{"line":250,"column":33},"end":{"line":250,"column":null}},"46":{"start":{"line":286,"column":24},"end":{"line":291,"column":null}}},"fnMap":{"0":{"name":"(anonymous_0)","decl":{"start":{"line":4,"column":43},"end":{"line":4,"column":49}},"loc":{"start":{"line":4,"column":49},"end":{"line":313,"column":null}},"line":4},"1":{"name":"(anonymous_1)","decl":{"start":{"line":21,"column":27},"end":{"line":21,"column":34}},"loc":{"start":{"line":21,"column":57},"end":{"line":31,"column":null}},"line":21},"2":{"name":"(anonymous_2)","decl":{"start":{"line":33,"column":27},"end":{"line":33,"column":34}},"loc":{"start":{"line":33,"column":53},"end":{"line":39,"column":null}},"line":33},"3":{"name":"(anonymous_3)","decl":{"start":{"line":41,"column":25},"end":{"line":41,"column":32}},"loc":{"start":{"line":41,"column":51},"end":{"line":47,"column":null}},"line":41},"4":{"name":"(anonymous_4)","decl":{"start":{"line":49,"column":27},"end":{"line":49,"column":28}},"loc":{"start":{"line":49,"column":49},"end":{"line":57,"column":null}},"line":49},"5":{"name":"(anonymous_5)","decl":{"start":{"line":59,"column":25},"end":{"line":59,"column":26}},"loc":{"start":{"line":59,"column":45},"end":{"line":66,"column":null}},"line":59},"6":{"name":"(anonymous_6)","decl":{"start":{"line":117,"column":30},"end":{"line":117,"column":31}},"loc":{"start":{"line":117,"column":37},"end":{"line":117,"column":null}},"line":117},"7":{"name":"(anonymous_7)","decl":{"start":{"line":125,"column":30},"end":{"line":125,"column":31}},"loc":{"start":{"line":125,"column":37},"end":{"line":125,"column":null}},"line":125},"8":{"name":"(anonymous_8)","decl":{"start":{"line":151,"column":36},"end":{"line":151,"column":41}},"loc":{"start":{"line":151,"column":41},"end":{"line":151,"column":58}},"line":151},"9":{"name":"(anonymous_9)","decl":{"start":{"line":154,"column":36},"end":{"line":154,"column":41}},"loc":{"start":{"line":154,"column":41},"end":{"line":154,"column":59}},"line":154},"10":{"name":"(anonymous_10)","decl":{"start":{"line":169,"column":28},"end":{"line":169,"column":29}},"loc":{"start":{"line":170,"column":20},"end":{"line":235,"column":null}},"line":170},"11":{"name":"(anonymous_11)","decl":{"start":{"line":178,"column":36},"end":{"line":178,"column":42}},"loc":{"start":{"line":178,"column":42},"end":{"line":178,"column":null}},"line":178},"12":{"name":"(anonymous_12)","decl":{"start":{"line":190,"column":41},"end":{"line":190,"column":47}},"loc":{"start":{"line":190,"column":47},"end":{"line":190,"column":null}},"line":190},"13":{"name":"(anonymous_13)","decl":{"start":{"line":250,"column":27},"end":{"line":250,"column":33}},"loc":{"start":{"line":250,"column":33},"end":{"line":250,"column":null}},"line":250},"14":{"name":"(anonymous_14)","decl":{"start":{"line":285,"column":35},"end":{"line":285,"column":36}},"loc":{"start":{"line":286,"column":24},"end":{"line":291,"column":null}},"line":286}},"branchMap":{"0":{"loc":{"start":{"line":23,"column":4},"end":{"line":23,"column":null}},"type":"if","locations":[{"start":{"line":23,"column":4},"end":{"line":23,"column":null}},{"start":{},"end":{}}],"line":23},"1":{"loc":{"start":{"line":50,"column":4},"end":{"line":56,"column":null}},"type":"switch","locations":[{"start":{"line":51,"column":6},"end":{"line":51,"column":null}},{"start":{"line":52,"column":6},"end":{"line":52,"column":null}},{"start":{"line":53,"column":6},"end":{"line":53,"column":null}},{"start":{"line":54,"column":6},"end":{"line":54,"column":null}},{"start":{"line":55,"column":6},"end":{"line":55,"column":null}}],"line":50},"2":{"loc":{"start":{"line":60,"column":4},"end":{"line":65,"column":null}},"type":"switch","locations":[{"start":{"line":61,"column":6},"end":{"line":61,"column":null}},{"start":{"line":62,"column":6},"end":{"line":62,"column":null}},{"start":{"line":63,"column":6},"end":{"line":63,"column":null}},{"start":{"line":64,"column":6},"end":{"line":64,"column":null}}],"line":60},"3":{"loc":{"start":{"line":68,"column":2},"end":{"line":77,"column":null}},"type":"if","locations":[{"start":{"line":68,"column":2},"end":{"line":77,"column":null}},{"start":{},"end":{}}],"line":68},"4":{"loc":{"start":{"line":68,"column":6},"end":{"line":68,"column":37}},"type":"binary-expr","locations":[{"start":{"line":68,"column":6},"end":{"line":68,"column":17}},{"start":{"line":68,"column":17},"end":{"line":68,"column":37}}],"line":68},"5":{"loc":{"start":{"line":94,"column":13},"end":{"line":106,"column":null}},"type":"binary-expr","locations":[{"start":{"line":94,"column":13},"end":{"line":94,"column":null}},{"start":{"line":95,"column":14},"end":{"line":106,"column":null}}],"line":94},"6":{"loc":{"start":{"line":160,"column":17},"end":{"line":236,"column":null}},"type":"cond-expr","locations":[{"start":{"line":161,"column":18},"end":{"line":167,"column":null}},{"start":{"line":169,"column":18},"end":{"line":236,"column":null}}],"line":160},"7":{"loc":{"start":{"line":185,"column":68},"end":{"line":185,"column":137}},"type":"cond-expr","locations":[{"start":{"line":185,"column":91},"end":{"line":185,"column":122}},{"start":{"line":185,"column":122},"end":{"line":185,"column":137}}],"line":185},"8":{"loc":{"start":{"line":188,"column":29},"end":{"line":194,"column":null}},"type":"binary-expr","locations":[{"start":{"line":188,"column":29},"end":{"line":188,"column":49}},{"start":{"line":188,"column":49},"end":{"line":188,"column":null}},{"start":{"line":189,"column":30},"end":{"line":194,"column":null}}],"line":188},"9":{"loc":{"start":{"line":210,"column":27},"end":{"line":213,"column":null}},"type":"binary-expr","locations":[{"start":{"line":210,"column":27},"end":{"line":210,"column":null}},{"start":{"line":211,"column":28},"end":{"line":213,"column":null}}],"line":210},"10":{"loc":{"start":{"line":216,"column":27},"end":{"line":222,"column":null}},"type":"binary-expr","locations":[{"start":{"line":216,"column":27},"end":{"line":216,"column":null}},{"start":{"line":217,"column":28},"end":{"line":222,"column":null}}],"line":216},"11":{"loc":{"start":{"line":225,"column":27},"end":{"line":231,"column":null}},"type":"binary-expr","locations":[{"start":{"line":225,"column":27},"end":{"line":225,"column":null}},{"start":{"line":226,"column":28},"end":{"line":231,"column":null}}],"line":225},"12":{"loc":{"start":{"line":253,"column":19},"end":{"line":253,"column":null}},"type":"cond-expr","locations":[{"start":{"line":253,"column":34},"end":{"line":253,"column":43}},{"start":{"line":253,"column":43},"end":{"line":253,"column":null}}],"line":253},"13":{"loc":{"start":{"line":257,"column":15},"end":{"line":305,"column":null}},"type":"binary-expr","locations":[{"start":{"line":257,"column":15},"end":{"line":257,"column":null}},{"start":{"line":258,"column":16},"end":{"line":305,"column":null}}],"line":257},"14":{"loc":{"start":{"line":272,"column":21},"end":{"line":292,"column":null}},"type":"cond-expr","locations":[{"start":{"line":273,"column":22},"end":{"line":283,"column":null}},{"start":{"line":285,"column":22},"end":{"line":292,"column":null}}],"line":272}},"s":{"0":1,"1":69,"2":69,"3":69,"4":69,"5":69,"6":69,"7":4,"8":4,"9":1,"10":3,"11":3,"12":3,"13":0,"14":69,"15":1,"16":1,"17":0,"18":69,"19":1,"20":1,"21":0,"22":69,"23":9,"24":1,"25":7,"26":1,"27":0,"28":0,"29":69,"30":9,"31":8,"32":0,"33":1,"34":0,"35":69,"36":1,"37":68,"38":44,"39":1,"40":9,"41":9,"42":9,"43":1,"44":1,"45":1,"46":3},"f":{"0":69,"1":4,"2":1,"3":1,"4":9,"5":9,"6":44,"7":1,"8":9,"9":9,"10":9,"11":1,"12":1,"13":1,"14":3},"b":{"0":[1,3],"1":[1,7,1,0,0],"2":[8,0,1,0],"3":[1,68],"4":[69,1],"5":[68,1],"6":[62,6],"7":[1,8],"8":[9,9,8],"9":[9,0],"10":[9,0],"11":[9,0],"12":[67,1],"13":[69,67],"14":[65,2]},"meta":{"lastBranch":15,"lastFunction":15,"lastStatement":47,"seen":{"s:4:43:313:Infinity":0,"f:4:43:4:49":0,"s:5:24:5:Infinity":1,"s:15:2:15:Infinity":2,"s:17:38:17:Infinity":3,"s:18:46:18:Infinity":4,"s:19:38:19:Infinity":5,"s:21:27:31:Infinity":6,"f:21:27:21:34":1,"s:22:4:22:Infinity":7,"b:23:4:23:Infinity:undefined:undefined:undefined:undefined":0,"s:23:4:23:Infinity":8,"s:23:30:23:Infinity":9,"s:25:4:30:Infinity":10,"s:26:6:26:Infinity":11,"s:27:6:27:Infinity":12,"s:29:6:29:Infinity":13,"s:33:27:39:Infinity":14,"f:33:27:33:34":2,"s:34:4:38:Infinity":15,"s:35:6:35:Infinity":16,"s:37:6:37:Infinity":17,"s:41:25:47:Infinity":18,"f:41:25:41:32":3,"s:42:4:46:Infinity":19,"s:43:6:43:Infinity":20,"s:45:6:45:Infinity":21,"s:49:27:57:Infinity":22,"f:49:27:49:28":4,"b:51:6:51:Infinity:52:6:52:Infinity:53:6:53:Infinity:54:6:54:Infinity:55:6:55:Infinity":1,"s:50:4:56:Infinity":23,"s:51:18:51:Infinity":24,"s:52:21:52:Infinity":25,"s:53:19:53:Infinity":26,"s:54:23:54:Infinity":27,"s:55:15:55:Infinity":28,"s:59:25:66:Infinity":29,"f:59:25:59:26":5,"b:61:6:61:Infinity:62:6:62:Infinity:63:6:63:Infinity:64:6:64:Infinity":2,"s:60:4:65:Infinity":30,"s:61:19:61:Infinity":31,"s:62:26:62:Infinity":32,"s:63:19:63:Infinity":33,"s:64:15:64:Infinity":34,"b:68:2:77:Infinity:undefined:undefined:undefined:undefined":3,"s:68:2:77:Infinity":35,"b:68:6:68:17:68:17:68:37":4,"s:69:4:75:Infinity":36,"s:79:2:311:Infinity":37,"b:94:13:94:Infinity:95:14:106:Infinity":5,"f:117:30:117:31":6,"s:117:37:117:Infinity":38,"f:125:30:125:31":7,"s:125:37:125:Infinity":39,"f:151:36:151:41":8,"s:151:41:151:58":40,"f:154:36:154:41":9,"s:154:41:154:59":41,"b:161:18:167:Infinity:169:18:236:Infinity":6,"f:169:28:169:29":10,"s:170:20:235:Infinity":42,"f:178:36:178:42":11,"s:178:42:178:Infinity":43,"b:185:91:185:122:185:122:185:137":7,"b:188:29:188:49:188:49:188:Infinity:189:30:194:Infinity":8,"f:190:41:190:47":12,"s:190:47:190:Infinity":44,"b:210:27:210:Infinity:211:28:213:Infinity":9,"b:216:27:216:Infinity:217:28:222:Infinity":10,"b:225:27:225:Infinity:226:28:231:Infinity":11,"f:250:27:250:33":13,"s:250:33:250:Infinity":45,"b:253:34:253:43:253:43:253:Infinity":12,"b:257:15:257:Infinity:258:16:305:Infinity":13,"b:273:22:283:Infinity:285:22:292:Infinity":14,"f:285:35:285:36":14,"s:286:24:291:Infinity":46}}}
}
